<?xml version="1.0" encoding="utf-8"?><testsuites name="pytest tests"><testsuite name="pytest" errors="0" failures="0" skipped="0" tests="14" time="6.209" timestamp="2026-04-10T09:28:36.457977+00:00" hostname="agent-env-af3bff92-63b8-4668-ab92-b5278bda77dd"><testcase classname="tests.test_dukascopy_download.TestDukascopyDownloadEndpoints" name="test_health_check" time="0.126" /><testcase classname="tests.test_dukascopy_download.TestDukascopyDownloadEndpoints" name="test_download_estimate_endpoint" time="0.138" /><testcase classname="tests.test_dukascopy_download.TestDukascopyDownloadEndpoints" name="test_download_estimate_week_range" time="0.100" /><testcase classname="tests.test_dukascopy_download.TestDukascopyDownloadEndpoints" name="test_download_dukascopy_start_job" time="0.099" /><testcase classname="tests.test_dukascopy_download.TestDukascopyDownloadEndpoints" name="test_download_status_endpoint" time="0.209" /><testcase classname="tests.test_dukascopy_download.TestDukascopyDownloadEndpoints" name="test_download_status_invalid_job_id" time="0.096" /><testcase classname="tests.test_dukascopy_download.TestDukascopyDownloadEndpoints" name="test_download_date_validation_start_after_end" time="0.107" /><testcase classname="tests.test_dukascopy_download.TestDukascopyDownloadEndpoints" name="test_download_date_range_too_large" time="0.099" /><testcase classname="tests.test_dukascopy_download.TestDukascopyDownloadEndpoints" name="test_download_progress_polling" time="2.197" /><testcase classname="tests.test_dukascopy_download.TestDukascopyDownloaderUnit" name="test_url_construction_january" time="0.593" /><testcase classname="tests.test_dukascopy_download.TestDukascopyDownloaderUnit" name="test_url_construction_december" time="0.000" /><testcase classname="tests.test_dukascopy_download.TestDukascopyDownloaderUnit" name="test_url_construction_february" time="0.000" /><testcase classname="tests.test_dukascopy_download.TestDukascopyDownloaderUnit" name="test_symbol_uppercase" time="0.000" /><testcase classname="tests.test_dukascopy_download.TestDukascopyIntegration" name="test_full_download_flow_small_range" time="2.391" /></testsuite></testsuites>