<?xml version="1.0" encoding="utf-8"?><testsuites name="pytest tests"><testsuite name="pytest" errors="0" failures="0" skipped="0" tests="19" time="2.227" timestamp="2026-03-29T08:01:58.678192+00:00" hostname="agent-env-302e5fce-d2d2-4c8f-88e1-766aff4ff21a"><testcase classname="tests.test_paper_trading.TestPaperTradingHealth" name="test_health_endpoint_returns_200" time="0.204" /><testcase classname="tests.test_paper_trading.TestPaperTradingHealth" name="test_health_endpoint_returns_correct_structure" time="0.107" /><testcase classname="tests.test_paper_trading.TestPaperTradingStatus" name="test_status_endpoint_returns_200" time="0.127" /><testcase classname="tests.test_paper_trading.TestPaperTradingStatus" name="test_status_endpoint_returns_correct_structure" time="0.116" /><testcase classname="tests.test_paper_trading.TestPaperTradingStatus" name="test_status_running_is_boolean" time="0.111" /><testcase classname="tests.test_paper_trading.TestPaperTradingStatus" name="test_status_numeric_fields_are_numbers" time="0.098" /><testcase classname="tests.test_paper_trading.TestPaperTradingStatus" name="test_status_risk_status_structure" time="0.102" /><testcase classname="tests.test_paper_trading.TestPaperTradingStatus" name="test_status_portfolio_details_structure" time="0.093" /><testcase classname="tests.test_paper_trading.TestPaperTradingStatus" name="test_status_drawdown_within_limits" time="0.112" /><testcase classname="tests.test_paper_trading.TestPaperTradingStatus" name="test_status_equity_is_positive" time="0.106" /><testcase classname="tests.test_paper_trading.TestPaperTradingTrades" name="test_trades_endpoint_returns_200" time="0.147" /><testcase classname="tests.test_paper_trading.TestPaperTradingTrades" name="test_trades_endpoint_returns_list" time="0.095" /><testcase classname="tests.test_paper_trading.TestPaperTradingTrades" name="test_trades_structure_if_present" time="0.093" /><testcase classname="tests.test_paper_trading.TestPaperTradingServiceIntegration" name="test_service_is_running" time="0.097" /><testcase classname="tests.test_paper_trading.TestPaperTradingServiceIntegration" name="test_status_file_exists" time="0.102" /><testcase classname="tests.test_paper_trading.TestPaperTradingServiceIntegration" name="test_portfolio_allocation_40_60" time="0.139" /><testcase classname="tests.test_paper_trading.TestPaperTradingServiceIntegration" name="test_risk_limits_configured" time="0.095" /><testcase classname="tests.test_paper_trading.TestAPIErrorHandling" name="test_invalid_endpoint_returns_404" time="0.111" /><testcase classname="tests.test_paper_trading.TestAPIErrorHandling" name="test_health_endpoint_method_not_allowed" time="0.101" /></testsuite></testsuites>