<?xml version="1.0" encoding="utf-8"?><testsuites name="pytest tests"><testsuite name="pytest" errors="0" failures="0" skipped="0" tests="18" time="7.125" timestamp="2026-04-08T13:48:46.996269+00:00" hostname="agent-env-eb7da68f-e641-4aa6-bd41-11c98dc11c9c"><testcase classname="tests.test_market_data_e2e.TestAPIConnectivity" name="test_api_root" time="0.281" /><testcase classname="tests.test_market_data_e2e.TestAPIConnectivity" name="test_data_integrity_check" time="0.177" /><testcase classname="tests.test_market_data_e2e.TestCSVImport" name="test_csv_import_valid_1m_data" time="0.195" /><testcase classname="tests.test_market_data_e2e.TestCSVImport" name="test_csv_import_invalid_data" time="0.114" /><testcase classname="tests.test_market_data_e2e.TestCSVImport" name="test_csv_import_empty_data" time="0.110" /><testcase classname="tests.test_market_data_e2e.TestCoverageEndpoint" name="test_coverage_returns_symbols_array" time="0.256" /><testcase classname="tests.test_market_data_e2e.TestCoverageEndpoint" name="test_coverage_data_integrity_check" time="0.251" /><testcase classname="tests.test_market_data_e2e.TestDukascopyDownload" name="test_dukascopy_download_valid_weekday" time="3.345" /><testcase classname="tests.test_market_data_e2e.TestDukascopyDownload" name="test_dukascopy_download_invalid_date_format" time="0.129" /><testcase classname="tests.test_market_data_e2e.TestDukascopyDownload" name="test_dukascopy_task_status_not_found" time="0.148" /><testcase classname="tests.test_market_data_e2e.TestFixGaps" name="test_fix_gaps_no_gaps" time="0.272" /><testcase classname="tests.test_market_data_e2e.TestFixGaps" name="test_fix_gaps_forces_1m_architecture" time="0.120" /><testcase classname="tests.test_market_data_e2e.TestDeleteEndpoint" name="test_delete_test_data" time="0.300" /><testcase classname="tests.test_market_data_e2e.TestDeleteEndpoint" name="test_delete_nonexistent_data" time="0.141" /><testcase classname="tests.test_market_data_e2e.TestGetMarketData" name="test_get_market_data_after_import" time="0.272" /><testcase classname="tests.test_market_data_e2e.TestGetMarketData" name="test_get_market_data_invalid_timeframe" time="0.122" /><testcase classname="tests.test_market_data_e2e.TestDataIntegrity" name="test_purge_synthetic_data" time="0.133" /><testcase classname="tests.test_market_data_e2e.TestCleanup" name="test_cleanup_test_data" time="0.642" /></testsuite></testsuites>